mode: set
github.com\hfern\go-mathematica\encode.go:8.62,11.23 1 1
github.com\hfern\go-mathematica\encode.go:25.2,25.12 1 0
github.com\hfern\go-mathematica\encode.go:12.2,14.9 2 0
github.com\hfern\go-mathematica\encode.go:16.2,18.9 2 0
github.com\hfern\go-mathematica\encode.go:20.2,21.28 1 1
github.com\hfern\go-mathematica\encode.go:28.54,29.11 1 1
github.com\hfern\go-mathematica\encode.go:35.2,35.8 1 1
github.com\hfern\go-mathematica\encode.go:30.2,31.33 1 1
github.com\hfern\go-mathematica\encode.go:32.2,33.34 1 1
